{
  "RSpec": {
    "coverage": {
      "/Users/MacBook/Projects/Battleships/spec/models/board_spec.rb": [
        1,
        null,
        1,
        null,
        null,
        1,
        1,
        1,
        1,
        null,
        null,
        null,
        null,
        1,
        1,
        1,
        1,
        null,
        null,
        null,
        null
      ],
      "/Users/MacBook/Projects/Battleships/lib/board.rb": [
        null,
        1,
        null,
        1,
        null,
        1,
        2,
        2,
        222,
        null,
        2,
        2,
        null,
        null,
        null,
        1,
        2,
        1,
        null,
        null,
        null,
        null,
        1,
        null,
        1,
        2,
        22,
        20,
        null,
        null,
        null,
        1,
        2,
        220,
        null,
        null,
        null,
        null,
        null,
        null,
        null,
        null,
        null,
        null,
        null,
        null,
        null,
        null,
        null,
        null,
        null,
        null,
        null,
        null,
        null,
        null,
        null,
        null,
        null,
        null
      ]
    },
    "timestamp": 1508274594
  }
}
